<?xml version="1.0" encoding="UTF-8"?>
<!-- Generated by org.testng.reporters.JUnitReportReporter -->
<testsuite hostname="DESKTOP-A6939MT" failures="0" tests="1" name="com.Actitime.Testscripts.CustomerTest" time="0.024" errors="0" timestamp="2024-08-25T11:18:35 IST" skipped="0">
  <testcase classname="com.Actitime.Testscripts.CustomerTest" name="Create" time="0.024">
    <system-out>
      <![CDATA[create customer]]>
    </system-out>
  </testcase> <!-- Create -->
  <system-out>
    <![CDATA[create customer]]>
  </system-out>
</testsuite> <!-- com.Actitime.Testscripts.CustomerTest -->
